#
# A fatal error has been detected by the Java Runtime Environment:
#
#  SIGSEGV (0xb) at pc=0x0000000108ca12ce, pid=25655, tid=25091
#
# JRE version: Java(TM) SE Runtime Environment (15.0.2+7) (build 15.0.2+7-27)
# Java VM: Java HotSpot(TM) 64-Bit Server VM (15.0.2+7-27, mixed mode, sharing, tiered, compressed oops, g1 gc, bsd-amd64)
# Problematic frame:
# C  [libjimage.dylib+0x32ce]  ImageFileReader::find_location_index(char const*, unsigned long long*) const+0x2e
#
# No core dump will be written. Core dumps have been disabled. To enable core dumping, try "ulimit -c unlimited" before starting Java again
#
# If you would like to submit a bug report, please visit:
#   https://bugreport.java.com/bugreport/crash.jsp
#

---------------  S U M M A R Y ------------

Command Line: -XX:+ShowCodeDetailsInExceptionMessages -agentlib:jdwp=transport=dt_socket,suspend=y,address=localhost:57865 -javaagent:/Applications/SpringToolSuite4.app/Contents/Eclipse/configuration/org.eclipse.osgi/245/0/.cp/lib/javaagent-shaded.jar -Dfile.encoding=UTF-8 --module-path=/Users/junyoung/git/AlgorithmStudy/AlgorithmStudy/bin -Djdk.module.main=AlgorithmStudy AlgorithmStudy/JAVAImplementation.전쟁_땅따먹기

Host: MacBookAir10,1 x86_64 2400 MHz, 8 cores, 16G, Darwin 20.2.0
Time: Tue Jun 15 03:31:22 2021 KST elapsed time: 56758.045762 seconds (0d 15h 45m 58s)

---------------  T H R E A D  ---------------

Current thread (0x00007ffd49012a00):  JavaThread "Signal Dispatcher" daemon [_thread_in_vm, id=25091, stack(0x0000000305f93000,0x0000000306093000)]