#
# A fatal error has been detected by the Java Runtime Environment:
#
#  SIGSEGV (0xb) at pc=0x0000000108e862ce, pid=24645, tid=24835
#
# JRE version: Java(TM) SE Runtime Environment (15.0.2+7) (build 15.0.2+7-27)
# Java VM: Java HotSpot(TM) 64-Bit Server VM (15.0.2+7-27, mixed mode, sharing, tiered, compressed oops, g1 gc, bsd-amd64)
# Problematic frame:
# C  [libjimage.dylib+0x32ce]  ImageFileReader::find_location_index(char const*, unsigned long long*) const+0x2e
#
# No core dump will be written. Core dumps have been disabled. To enable core dumping, try "ulimit -c unlimited" before starting Java again
#
# If you would like to submit a bug report, please visit:
#   https://bugreport.java.com/bugreport/crash.jsp
#

---------------  S U M M A R Y ------------

Command Line: -XX:+ShowCodeDetailsInExceptionMessages -agentlib:jdwp=transport=dt_socket,suspend=y,address=localhost:51604 -javaagent:/Applications/SpringToolSuite4.app/Contents/Eclipse/configuration/org.eclipse.osgi/245/0/.cp/lib/javaagent-shaded.jar -Dfile.encoding=UTF-8 --module-path=/Users/junyoung/git/AlgorithmStudy/AlgorithmStudy/bin -Djdk.module.main=AlgorithmStudy AlgorithmStudy/JAVAImplementation.사탕박사고창영

Host: MacBookAir10,1 x86_64 2400 MHz, 8 cores, 16G, Darwin 20.2.0
Time: Tue Jun 15 03:31:40 2021 KST elapsed time: 76036.834666 seconds (0d 21h 7m 16s)

---------------  T H R E A D  ---------------

Current thread (0x00007ff0ac008800):  JavaThread "Signal Dispatcher" daemon [_thread_in_vm, id=24835, stack(0x00000003063b3000,0x00000003064b3000)]

Stack: [0x00000003063b3000,0x00000003064b3000],  sp=0x00000003064b1360,  free space=1016k
Native frames: (J=compiled Java code, A=aot compiled Java code, j=interpreted, Vv=VM code, C=native code)
C  [libjimage.dylib+0x32ce]  ImageFileReader::find_location_index(char const*, unsigned long long*) const+0x2e
C  [libjimage.dylib+0x37a0]