#
# A fatal error has been detected by the Java Runtime Environment:
#
#  SIGSEGV (0xb) at pc=0x000000010c3be2c4, pid=33801, tid=7939
#
# JRE version: Java(TM) SE Runtime Environment (15.0.2+7) (build 15.0.2+7-27)
# Java VM: Java HotSpot(TM) 64-Bit Server VM (15.0.2+7-27, mixed mode, sharing, tiered, compressed oops, g1 gc, bsd-amd64)
# Problematic frame:
# C  [libjimage.dylib+0x32c4]  ImageFileReader::find_location_index(char const*, unsigned long long*) const+0x24
#
# No core dump will be written. Core dumps have been disabled. To enable core dumping, try "ulimit -c unlimited" before starting Java again
#
# If you would like to submit a bug report, please visit:
#   https://bugreport.java.com/bugreport/crash.jsp
#

---------------  S U M M A R Y ------------

Command Line: -XX:+ShowCodeDetailsInExceptionMessages -agentlib:jdwp=transport=dt_socket,suspend=y,address=localhost:50821 -javaagent:/Applications/SpringToolSuite4.app/Contents/Eclipse/configuration/org.eclipse.osgi/245/0/.cp/lib/javaagent-shaded.jar -Dfile.encoding=UTF-8 --module-path=/Users/junyoung/git/AlgorithmStudy/AlgorithmStudy/bin -Djdk.module.main=AlgorithmStudy AlgorithmStudy/JAVABruteForce.한국이그리울땐서버에접속하지

Host: MacBookAir10,1 x86_64 2400 MHz, 8 cores, 16G, Darwin 20.2.0
Time: Thu Jun 17 04:06:28 2021 KST elapsed time: 12790.735270 seconds (0d 3h 33m 10s)

---------------  T H R E A D  ---------------

Current thread (0x00007ffb4a023000):  JavaThread "main" [_thread_in_vm, id=7939, stack(0x000000030c500000,0x000000030c600000)]

Stack: [0x000000030c500000,0x000000030c600000],  sp=0x000000030c5fe360,  free space=1016k
Native frames: (J=compiled Java code, A=aot compiled Java code, j=interpreted, Vv=VM code, C=native code)
C  [libjimage.dylib+0x32c4]  ImageFileReader::find_location_index(char const*, unsigned long long*) const+0x24
C  [libjimage.dylib+0x37a0]  JIMAGE_FindResource+0xd0
