#
# A fatal error has been detected by the Java Runtime Environment:
#
#  Internal Error (oopMapCache.cpp:111), pid=18624, tid=37123
#  Error: ShouldNotReachHere()
#
# JRE version: Java(TM) SE Runtime Environment (15.0.2+7) (build 15.0.2+7-27)
# Java VM: Java HotSpot(TM) 64-Bit Server VM (15.0.2+7-27, mixed mode, sharing, tiered, compressed oops, g1 gc, bsd-amd64)
# No core dump will be written. Core dumps have been disabled. To enable core dumping, try "ulimit -c unlimited" before starting Java again
#
# If you would like to submit a bug report, please visit:
#   https://bugreport.java.com/bugreport/crash.jsp
#

---------------  S U M M A R Y ------------

Command Line: -XX:+ShowCodeDetailsInExceptionMessages -agentlib:jdwp=transport=dt_socket,suspend=y,address=localhost:58326 -javaagent:/Applications/SpringToolSuite4.app/Contents/Eclipse/configuration/org.eclipse.osgi/245/0/.cp/lib/javaagent-shaded.jar -Dfile.encoding=UTF-8 --module-path=/Users/junyoung/git/AlgorithmStudy/AlgorithmStudy/bin -Djdk.module.main=AlgorithmStudy AlgorithmStudy/JAVABruteForce.체스판다시칠하기

Host: MacBookAir10,1 x86_64 2400 MHz, 8 cores, 16G, Darwin 20.2.0
Time: Mon Jun  7 18:06:30 2021 KST elapsed time: 4370.408628 seconds (0d 1h 12m 50s)

---------------  T H R E A D  ---------------

Current thread (0x00007fc54980b400):  JavaThread "JDWP Transport Listener: dt_socket" daemon [_thread_in_vm, id=37123, stack(0x000000030db65000,0x000000030dc65000)] _threads_hazard_ptr=0x00007fc54952b740

Stack: [0x000000030db65000,0x000000030dc65000],  sp=0x000000030dc63130,  free space=1016k
Native frames: (J=compiled Java code, A=aot compiled Java code, j=interpreted, Vv=VM code, C=native code)
V  [libjvm.dylib+0x9fe4cf]  _ZN7VMError14report_and_dieEiPKcS1_P13__va_list_tagP6ThreadPhPvS7_S1_im+0x6af
V  [libjvm.dylib+0x9feba1]  _ZN7VMError14report_and_dieEP6ThreadPvPKciS4_S4_P13__va_list_tag+0x41
V  [libjvm.dylib+0x2ff3aa]  _Z15report_vm_errorPKciS0_S0_z+0xaa
V  [libjvm.dylib+0x81be28]  _ZN19OopMapForCacheEntry11compute_mapEP6Thread+0x88
V  [libjvm.dylib+0x81cc0f]  _ZN16OopMapCacheEntry4fillERK12methodHandlei+0xef
V  [libjvm.dylib+0x81deeb]  _ZN11OopMapCache19compute_one_oop_mapERK12methodHandleiP17InterpreterOopMap+0x6b
V  [libjvm.dylib+0x7cd828]  _ZN6Method8mask_forEiP17InterpreterOopMap+0x128
V  [libjvm.dylib+0x9f030d]  _ZNK17interpretedVFrame10stack_dataEb+0x4d
V  [libjvm.dylib+0x6834ab]  _ZN16VM_GetOrSetLocal13doit_prologueEv+0x12b
V  [libjvm.dylib+0xa096bd]  _ZN8VMThread7executeEP12VM_Operation+0x12d
V  [libjvm.dylib+0x6670b4]  _ZN8JvmtiEnv11GetLocalIntEP10JavaThreadiiPi+0x54
V  [libjvm.dylib+0x620cad]  _ZL17jvmti_GetLocalIntP9_jvmtiEnvP8_jobjectiiPi+0x14d
C  [libjdwp.dylib+0x7e09]  getValues+0x4d9
C  [libjdwp.dylib+0x10fd9]  debugLoop_run+0x219
C  [libjdwp.dylib+0x257e6]  attachThread+0x76
V  [libjvm.dylib+0x6813f6]  _ZN16JvmtiAgentThread19call_start_functionEv+0x86
V  [libjvm.dylib+0x99921f]  _ZN10JavaThread17thread_main_innerEv+0xaf
V  [libjvm.dylib+0x996411]  _ZN6Thread8call_runEv+0x71
V  [libjvm.dylib+0x828967]  _ZL19thread_native_entryP6Thread+0x197
C  [libsystem_pthread.dylib+0x6950]  _pthread_start+0xe0
C  [libsystem_pthread.dylib+0x247b]  thread_start+0xf


---------------  P R O C E S S  ---------------

Threads class SMR info:
_java_thread_list=0x00007fc54952b740, length=14, elements={
0x00007fc569823400, 0x00007fc56981c400, 0x00007fc569824000, 0x00007fc56a023e00,
0x00007fc559832e00, 0x00007fc5698df000, 0x00007fc56a024400, 0x00007fc5698dd800,
0x00007fc559830c00, 0x00007fc54980b400, 0x00007fc54980ba00, 0x00007fc54980c000,
0x00007fc5698e1000, 0x00007fc569823a00
}

Java Threads: ( => current thread )
  0x00007fc569823400 JavaThread "main" [_thread_blocked, id=8195, stack(0x000000030cb27000,0x000000030cc27000)]
  0x00007fc56981c400 JavaThread "Reference Handler" daemon [_thread_blocked, id=16387, stack(0x000000030d23c000,0x000000030d33c000)]
  0x00007fc569824000 JavaThread "Finalizer" daemon [_thread_blocked, id=22275, stack(0x000000030d33f000,0x000000030d43f000)]
  0x00007fc56a023e00 JavaThread "Signal Dispatcher" daemon [_thread_blocked, id=40707, stack(0x000000030d553000,0x000000030d653000)]
  0x00007fc559832e00 JavaThread "Service Thread" daemon [_thread_blocked, id=24835, stack(0x000000030d656000,0x000000030d756000)]
  0x00007fc5698df000 JavaThread "C2 CompilerThread0" daemon [_thread_blocked, id=39427, stack(0x000000030d759000,0x000000030d859000)]
  0x00007fc56a024400 JavaThread "C1 CompilerThread0" daemon [_thread_blocked, id=25859, stack(0x000000030d85c000,0x000000030d95c000)]
  0x00007fc5698dd800 JavaThread "Sweeper thread" daemon [_thread_blocked, id=38659, stack(0x000000030d95f000,0x000000030da5f000)]
  0x00007fc559830c00 JavaThread "Common-Cleaner" daemon [_thread_blocked, id=37891, stack(0x000000030da62000,0x000000030db62000)]
=>0x00007fc54980b400 JavaThread "JDWP Transport Listener: dt_socket" daemon [_thread_in_vm, id=37123, stack(0x000000030db65000,0x000000030dc65000)] _threads_hazard_ptr=0x00007fc54952b740
  0x00007fc54980ba00 JavaThread "JDWP Event Helper Thread" daemon [_thread_blocked, id=28419, stack(0x000000030dc68000,0x000000030dd68000)]
  0x00007fc54980c000 JavaThread "JDWP Command Reader" daemon [_thread_in_native, id=29187, stack(0x000000030dd6b000,0x000000030de6b000)]
  0x00007fc5698e1000 JavaThread "Notification Thread" daemon [_thread_blocked, id=34563, stack(0x000000030de6e000,0x000000030df6e000)]
  0x00007fc569823a00 JavaThread "Attach Listener" daemon [_thread_blocked, id=33027, stack(0x000000030e074000,0x000000030e174000)]

Other Threads:
  0x00007fc55940ed00 VMThread "VM Thread" [stack: 0x000000030d139000,0x000000030d239000] [id=17155]
  0x00007fc569497320 WatcherThread [stack: 0x000000030df71000,0x000000030e071000] [id=34307]
  0x00007fc56950d150 GCTaskThread "GC Thread#0" [stack: 0x000000030cc2a000,0x000000030cd2a000] [id=19203]
  0x00007fc569425e40 ConcurrentGCThread "G1 Main Marker" [stack: 0x000000030cd2d000,0x000000030ce2d000] [id=18947]
  0x00007fc56950de70 ConcurrentGCThread "G1 Conc#0" [stack: 0x000000030ce30000,0x000000030cf30000] [id=15107]
  0x00007fc569442bb0 ConcurrentGCThread "G1 Refine#0" [stack: 0x000000030cf33000,0x000000030d033000] [id=15363]
  0x00007fc569443c50 ConcurrentGCThread "G1 Young RemSet Sampling" [stack: 0x000000030d036000,0x000000030d136000] [id=15619]

Threads with active compile tasks:

VM state: not at safepoint (normal execution)

VM Mutex/Monitor currently owned by a thread: None

Heap address: 0x0000000700000000, size: 4096 MB, Compressed Oops mode: Zero based, Oop shift amount: 3
CDS archive(s) mapped at: [0x0000000800000000-0x0000000800b2d000-0x0000000800b2d000), size 11718656, SharedBaseAddress: 0x0000000800000000, ArchiveRelocationMode: 0.
Compressed class space mapped at: 0x0000000800b30000-0x0000000840b30000, size: 1073741824
Narrow klass base: 0x0000000800000000, Narrow klass shift: 3, Narrow klass range: 0x100000000

GC Precious Log:
 CPUs: 8 total, 8 available
 Memory: 16384M
 Large Page Support: Disabled
 NUMA Support: Disabled
 Compressed Oops: Enabled (Zero based)
 Heap Region Size: 2M
 Heap Min Capacity: 8M
 Heap Initial Capacity: 256M
 Heap Max Capacity: 4G
 Pre-touch: Disabled
 Parallel Workers: 8
 Concurrent Workers: 2
 Concurrent Refinement Workers: 8
 Periodic GC: Disabled

Heap:
 garbage-first heap   total 266240K, used 7976K [0x0000000700000000, 0x0000000800000000)
  region size 2048K, 4 young (8192K), 0 survivors (0K)
 Metaspace       used 3614K, capacity 4984K, committed 5120K, reserved 1056768K
  class space    used 367K, capacity 467K, committed 512K, reserved 1048576K

Heap Regions: E=young(eden), S=young(survivor), O=old, HS=humongous(starts), HC=humongous(continues), CS=collection set, F=free, OA=open archive, CA=closed archive, TAMS=top-at-mark-start (previous, next)
|   0|0x0000000700000000, 0x0000000700000000, 0x0000000700200000|  0%| F|  |TAMS 0x0000000700000000, 0x0000000700000000| Untracked 
|   1|0x0000000700200000, 0x0000000700200000, 0x0000000700400000|  0%| F|  |TAMS 0x0000000700200000, 0x0000000700200000| Untracked 
|   2|0x0000000700400000, 0x0000000700400000, 0x0000000700600000|  0%| F|  |TAMS 0x0000000700400000, 0x0000000700400000| Untracked 
|   3|0x0000000700600000, 0x0000000700600000, 0x0000000700800000|  0%| F|  |TAMS 0x0000000700600000, 0x0000000700600000| Untracked 
|   4|0x0000000700800000, 0x0000000700800000, 0x0000000700a00000|  0%| F|  |TAMS 0x0000000700800000, 0x0000000700800000| Untracked 
|   5|0x0000000700a00000, 0x0000000700a00000, 0x0000000700c00000|  0%| F|  |TAMS 0x0000000700a00000, 0x0000000700a00000| Untracked 
|   6|0x0000000700c00000, 0x0000000700c00000, 0x0000000700e00000|  0%| F|  |TAMS 0x0000000700c00000, 0x0000000700c00000| Untracked 
|   7|0x0000000700e00000, 0x0000000700e00000, 0x0000000701000000|  0%| F|  |TAMS 0x0000000700e00000, 0x0000000700e00000| Untracked 
|   8|0x0000000701000000, 0x0000000701000000, 0x0000000701200000|  0%| F|  |TAMS 0x0000000701000000, 0x0000000701000000| Untracked 
|   9|0x0000000701200000, 0x0000000701200000, 0x0000000701400000|  0%| F|  |TAMS 0x0000000701200000, 0x0000000701200000| Untracked 
|  10|0x0000000701400000, 0x0000000701400000, 0x0000000701600000|  0%| F|  |TAMS 0x0000000701400000, 0x0000000701400000| Untracked 
|  11|0x0000000701600000, 0x0000000701600000, 0x0000000701800000|  0%| F|  |TAMS 0x0000000701600000, 0x0000000701600000| Untracked 
|  12|0x0000000701800000, 0x0000000701800000, 0x0000000701a00000|  0%| F|  |TAMS 0x0000000701800000, 0x0000000701800000| Untracked 
|  13|0x0000000701a00000, 0x0000000701a00000, 0x0000000701c00000|  0%| F|  |TAMS 0x0000000701a00000, 0x0000000701a00000| Untracked 
|  14|0x0000000701c00000, 0x0000000701c00000, 0x0000000701e00000|  0%| F|  |TAMS 0x0000000701c00000, 0x0000000701c00000| Untracked 
|  15|0x0000000701e00000, 0x0000000701e00000, 0x0000000702000000|  0%| F|  |TAMS 0x0000000701e00000, 0x0000000701e00000| Untracked 
|  16|0x0000000702000000, 0x0000000702000000, 0x0000000702200000|  0%| F|  |TAMS 0x0000000702000000, 0x0000000702000000| Untracked 
|  17|0x0000000702200000, 0x0000000702200000, 0x0000000702400000|  0%| F|  |TAMS 0x0000000702200000, 0x0000000702200000| Untracked 
|  18|0x0000000702400000, 0x0000000702400000, 0x0000000702600000|  0%| F|  |TAMS 0x0000000702400000, 0x0000000702400000| Untracked 
|  19|0x0000000702600000, 0x0000000702600000, 0x0000000702800000|  0%| F|  |TAMS 0x0000000702600000, 0x0000000702600000| Untracked 
|  20|0x0000000702800000, 0x0000000702800000, 0x0000000702a00000|  0%| F|  |TAMS 0x0000000702800000, 0x0000000702800000| Untracked 
|  21|0x0000000702a00000, 0x0000000702a00000, 0x0000000702c00000|  0%| F|  |TAMS 0x0000000702a00000, 0x0000000702a00000| Untracked 
|  22|0x0000000702c00000, 0x0000000702c00000, 0x0000000702e00000|  0%| F|  |TAMS 0x0000000702c00000, 0x0000000702c00000| Untracked 
|  23|0x0000000702e00000, 0x0000000702e00000, 0x0000000703000000|  0%| F|  |TAMS 0x0000000702e00000, 0x0000000702e00000| Untracked 
|  24|0x0000000703000000, 0x0000000703000000, 0x0000000703200000|  0%| F|  |TAMS 0x0000000703000000, 0x0000000703000000| Untracked 
|  25|0x0000000703200000, 0x0000000703200000, 0x0000000703400000|  0%| F|  |TAMS 0x0000000703200000, 0x0000000703200000| Untracked 
|  26|0x0000000703400000, 0x0000000703400000, 0x0000000703600000|  0%| F|  |TAMS 0x0000000703400000, 0x0000000703400000| Untracked 
|  27|0x0000000703600000, 0x0000000703600000, 0x0000000703800000|  0%| F|  |TAMS 0x0000000703600000, 0x0000000703600000| Untracked 
|  28|0x0000000703800000, 0x0000000703800000, 0x0000000703a00000|  0%| F|  |TAMS 0x0000000703800000, 0x0000000703800000| Untracked 
|  29|0x0000000703a00000, 0x0000000703a00000, 0x0000000703c00000|  0%| F|  |TAMS 0x0000000703a00000, 0x0000000703a00000| Untracked 
|  30|0x0000000703c00000, 0x0000000703c00000, 0x0000000703e00000|  0%| F|  |TAMS 0x0000000703c00000, 0x0000000703c00000| Untracked 
|  31|0x0000000703e00000, 0x0000000703e00000, 0x0000000704000000|  0%| F|  |TAMS 0x0000000703e00000, 0x0000000703e00000| Untracked 
|  32|0x0000000704000000, 0x0000000704000000, 0x0000000704200000|  0%| F|  |TAMS 0x0000000704000000, 0x0000000704000000| Untracked 
|  33|0x0000000704200000, 0x0000000704200000, 0x0000000704400000|  0%| F|  |TAMS 0x0000000704200000, 0x0000000704200000| Untracked 
|  34|0x0000000704400000, 0x0000000704400000, 0x0000000704600000|  0%| F|  |TAMS 0x0000000704400000, 0x0000000704400000| Untracked 
|  35|0x0000000704600000, 0x0000000704600000, 0x0000000704800000|  0%| F|  |TAMS 0x0000000704600000, 0x0000000704600000| Untracked 
|  36|0x0000000704800000, 0x0000000704800000, 0x0000000704a00000|  0%| F|  |TAMS 0x0000000704800000, 0x0000000704800000| Untracked 
|  37|0x0000000704a00000, 0x0000000704a00000, 0x0000000704c00000|  0%| F|  |TAMS 0x0000000704a00000, 0x0000000704a00000| Untracked 
|  38|0x0000000704c00000, 0x0000000704c00000, 0x0000000704e00000|  0%| F|  |TAMS 0x0000000704c00000, 0x0000000704c00000| Untracked 
|  39|0x0000000704e00000, 0x0000000704e00000, 0x0000000705000000|  0%| F|  |TAMS 0x0000000704e00000, 0x0000000704e00000| Untracked 
|  40|0x0000000705000000, 0x0000000705000000, 0x0000000705200000|  0%| F|  |TAMS 0x0000000705000000, 0x0000000705000000| Untracked 
|  41|0x0000000705200000, 0x0000000705200000, 0x0000000705400000|  0%| F|  |TAMS 0x0000000705200000, 0x0000000705200000| Untracked 
|  42|0x0000000705400000, 0x0000000705400000, 0x0000000705600000|  0%| F|  |TAMS 0x0000000705400000, 0x0000000705400000| Untracked 
|  43|0x0000000705600000, 0x0000000705600000, 0x0000000705800000|  0%| F|  |TAMS 0x0000000705600000, 0x0000000705600000| Untracked 
|  44|0x0000000705800000, 0x0000000705800000, 0x0000000705a00000|  0%| F|  |TAMS 0x0000000705800000, 0x0000000705800000| Untracked 
|  45|0x0000000705a00000, 0x0000000705a00000, 0x0000000705c00000|  0%| F|  |TAMS 0x0000000705a00000, 0x0000000705a00000| Untracked 
|  46|0x0000000705c00000, 0x0000000705c00000, 0x0000000705e00000|  0%| F|  |TAMS 0x0000000705c00000, 0x0000000705c00000| Untracked 
|  47|0x0000000705e00000, 0x0000000705e00000, 0x0000000706000000|  0%| F|  |TAMS 0x0000000705e00000, 0x0000000705e00000| Untracked 
|  48|0x0000000706000000, 0x0000000706000000, 0x0000000706200000|  0%| F|  |TAMS 0x0000000706000000, 0x0000000706000000| Untracked 
|  49|0x0000000706200000, 0x0000000706200000, 0x0000000706400000|  0%| F|  |TAMS 0x0000000706200000, 0x0000000706200000| Untracked 
|  50|0x0000000706400000, 0x0000000706400000, 0x0000000706600000|  0%| F|  |TAMS 0x0000000706400000, 0x0000000706400000| Untracked 
|  51|0x0000000706600000, 0x0000000706600000, 0x0000000706800000|  0%| F|  |TAMS 0x0000000706600000, 0x0000000706600000| Untracked 
|  52|0x0000000706800000, 0x0000000706800000, 0x0000000706a00000|  0%| F|  |TAMS 0x0000000706800000, 0x0000000706800000| Untracked 
|  53|0x0000000706a00000, 0x0000000706a00000, 0x0000000706c00000|  0%| F|  |TAMS 0x0000000706a00000, 0x0000000706a00000| Untracked 
|  54|0x0000000706c00000, 0x0000000706c00000, 0x0000000706e00000|  0%| F|  |TAMS 0x0000000706c00000, 0x0000000706c00000| Untracked 
|  55|0x0000000706e00000, 0x0000000706e00000, 0x0000000707000000|  0%| F|  |TAMS 0x0000000706e00000, 0x0000000706e00000| Untracked 
|  56|0x0000000707000000, 0x0000000707000000, 0x0000000707200000|  0%| F|  |TAMS 0x0000000707000000, 0x0000000707000000| Untracked 
|  57|0x0000000707200000, 0x0000000707200000, 0x0000000707400000|  0%| F|  |TAMS 0x0000000707200000, 0x0000000707200000| Untracked 
|  58|0x0000000707400000, 0x0000000707400000, 0x0000000707600000|  0%| F|  |TAMS 0x0000000707400000, 0x0000000707400000| Untracked 
|  59|0x0000000707600000, 0x0000000707600000, 0x0000000707800000|  0%| F|  |TAMS 0x0000000707600000, 0x0000000707600000| Untracked 
|  60|0x0000000707800000, 0x0000000707800000, 0x0000000707a00000|  0%| F|  |TAMS 0x0000000707800000, 0x0000000707800000| Untracked 
|  61|0x0000000707a00000, 0x0000000707a00000, 0x0000000707c00000|  0%| F|  |TAMS 0x0000000707a00000, 0x0000000707a00000| Untracked 
|  62|0x0000000707c00000, 0x0000000707c00000, 0x0000000707e00000|  0%| F|  |TAMS 0x0000000707c00000, 0x0000000707c00000| Untracked 
|  63|0x0000000707e00000, 0x0000000707e00000, 0x0000000708000000|  0%| F|  |TAMS 0x0000000707e00000, 0x0000000707e00000| Untracked 
|  64|0x0000000708000000, 0x0000000708000000, 0x0000000708200000|  0%| F|  |TAMS 0x0000000708000000, 0x0000000708000000| Untracked 
|  65|0x0000000708200000, 0x0000000708200000, 0x0000000708400000|  0%| F|  |TAMS 0x0000000708200000, 0x0000000708200000| Untracked 
|  66|0x0000000708400000, 0x0000000708400000, 0x0000000708600000|  0%| F|  |TAMS 0x0000000708400000, 0x0000000708400000| Untracked 
|  67|0x0000000708600000, 0x0000000708600000, 0x0000000708800000|  0%| F|  |TAMS 0x0000000708600000, 0x0000000708600000| Untracked 
|  68|0x0000000708800000, 0x0000000708800000, 0x0000000708a00000|  0%| F|  |TAMS 0x0000000708800000, 0x0000000708800000| Untracked 
|  69|0x0000000708a00000, 0x0000000708a00000, 0x0000000708c00000|  0%| F|  |TAMS 0x0000000708a00000, 0x0000000708a00000| Untracked 
|  70|0x0000000708c00000, 0x0000000708c00000, 0x0000000708e00000|  0%| F|  |TAMS 0x0000000708c00000, 0x0000000708c00000| Untracked 
|  71|0x0000000708e00000, 0x0000000708e00000, 0x0000000709000000|  0%| F|  |TAMS 0x0000000708e00000, 0x0000000708e00000| Untracked 
|  72|0x0000000709000000, 0x0000000709000000, 0x0000000709200000|  0%| F|  |TAMS 0x0000000709000000, 0x0000000709000000| Untracked 
|  73|0x0000000709200000, 0x0000000709200000, 0x0000000709400000|  0%| F|  |TAMS 0x0000000709200000, 0x0000000709200000| Untracked 
|  74|0x0000000709400000, 0x0000000709400000, 0x0000000709600000|  0%| F|  |TAMS 0x0000000709400000, 0x0000000709400000| Untracked 
|  75|0x0000000709600000, 0x0000000709600000, 0x0000000709800000|  0%| F|  |TAMS 0x0000000709600000, 0x0000000709600000| Untracked 
|  76|0x0000000709800000, 0x0000000709800000, 0x0000000709a00000|  0%| F|  |TAMS 0x0000000709800000, 0x0000000709800000| Untracked 
|  77|0x0000000709a00000, 0x0000000709a00000, 0x0000000709c00000|  0%| F|  |TAMS 0x0000000709a00000, 0x0000000709a00000| Untracked 
|  78|0x0000000709c00000, 0x0000000709c00000, 0x0000000709e00000|  0%| F|  |TAMS 0x0000000709c00000, 0x0000000709c00000| Untracked 
|  79|0x0000000709e00000, 0x0000000709e00000, 0x000000070a000000|  0%| F|  |TAMS 0x0000000709e00000, 0x0000000709e00000| Untracked 
|  80|0x000000070a000000, 0x000000070a000000, 0x000000070a200000|  0%| F|  |TAMS 0x000000070a000000, 0x000000070a000000| Untracked 
|  81|0x000000070a200000, 0x000000070a200000, 0x000000070a400000|  0%| F|  |TAMS 0x000000070a200000, 0x000000070a200000| Untracked 
|  82|0x000000070a400000, 0x000000070a400000, 0x000000070a600000|  0%| F|  |TAMS 0x000000070a400000, 0x000000070a400000| Untracked 
|  83|0x000000070a600000, 0x000000070a600000, 0x000000070a800000|  0%| F|  |TAMS 0x000000070a600000, 0x000000070a600000| Untracked 
|  84|0x000000070a800000, 0x000000070a800000, 0x000000070aa00000|  0%| F|  |TAMS 0x000000070a800000, 0x000000070a800000| Untracked 
|  85|0x000000070aa00000, 0x000000070aa00000, 0x000000070ac00000|  0%| F|  |TAMS 0x000000070aa00000, 0x000000070aa00000| Untracked 
|  86|0x000000070ac00000, 0x000000070ac00000, 0x000000070ae00000|  0%| F|  |TAMS 0x000000070ac00000, 0x000000070ac00000| Untracked 
|  87|0x000000070ae00000, 0x000000070ae00000, 0x000000070b000000|  0%| F|  |TAMS 0x000000070ae00000, 0x000000070ae00000| Untracked 
|  88|0x000000070b000000, 0x000000070b000000, 0x000000070b200000|  0%| F|  |TAMS 0x000000070b000000, 0x000000070b000000| Untracked 
|  89|0x000000070b200000, 0x000000070b200000, 0x000000070b400000|  0%| F|  |TAMS 0x000000070b200000, 0x000000070b200000| Untracked 
|  90|0x000000070b400000, 0x000000070b400000, 0x000000070b600000|  0%| F|  |TAMS 0x000000070b400000, 0x000000070b400000| Untracked 
|  91|0x000000070b600000, 0x000000070b600000, 0x000000070b800000|  0%| F|  |TAMS 0x000000070b600000, 0x000000070b600000| Untracked 
|  92|0x000000070b800000, 0x000000070b800000, 0x000000070ba00000|  0%| F|  |TAMS 0x000000070b800000, 0x000000070b800000| Untracked 
|  93|0x000000070ba00000, 0x000000070ba00000, 0x000000070bc00000|  0%| F|  |TAMS 0x000000070ba00000, 0x000000070ba00000| Untracked 
|  94|0x000000070bc00000, 0x000000070bc00000, 0x000000070be00000|  0%| F|  |TAMS 0x000000070bc00000, 0x000000070bc00000| Untracked 
|  95|0x000000070be00000, 0x000000070be00000, 0x000000070c000000|  0%| F|  |TAMS 0x000000070be00000, 0x000000070be00000| Untracked 
|  96|0x000000070c000000, 0x000000070c000000, 0x000000070c200000|  0%| F|  |TAMS 0x000000070c000000, 0x000000070c000000| Untracked 
|  97|0x000000070c200000, 0x000000070c200000, 0x000000070c400000|  0%| F|  |TAMS 0x000000070c200000, 0x000000070c200000| Untracked 
|  98|0x000000070c400000, 0x000000070c400000, 0x000000070c600000|  0%| F|  |TAMS 0x000000070c400000, 0x000000070c400000| Untracked 
|  99|0x000000070c600000, 0x000000070c600000, 0x000000070c800000|  0%| F|  |TAMS 0x000000070c600000, 0x000000070c600000| Untracked 
| 100|0x000000070c800000, 0x000000070c800000, 0x000000070ca00000|  0%| F|  |TAMS 0x000000070c800000, 0x000000070c800000| Untracked 
| 101|0x000000070ca00000, 0x000000070ca00000, 0x000000070cc00000|  0%| F|  |TAMS 0x000000070ca00000, 0x000000070ca00000| Untracked 
| 102|0x000000070cc00000, 0x000000070cc00000, 0x000000070ce00000|  0%| F|  |TAMS 0x000000070cc00000, 0x000000070cc00000| Untracked 
| 103|0x000000070ce00000, 0x000000070ce00000, 0x000000070d000000|  0%| F|  |TAMS 0x000000070ce00000, 0x000000070ce00000| Untracked 
| 104|0x000000070d000000, 0x000000070d000000, 0x000000070d200000|  0%| F|  |TAMS 0x000000070d000000, 0x000000070d000000| Untracked 
| 105|0x000000070d200000, 0x000000070d200000, 0x000000070d400000|  0%| F|  |TAMS 0x000000070d200000, 0x000000070d200000| Untracked 
| 106|0x000000070d400000, 0x000000070d400000, 0x000000070d600000|  0%| F|  |TAMS 0x000000070d400000, 0x000000070d400000| Untracked 
| 107|0x000000070d600000, 0x000000070d600000, 0x000000070d800000|  0%| F|  |TAMS 0x000000070d600000, 0x000000070d600000| Untracked 
| 108|0x000000070d800000, 0x000000070d800000, 0x000000070da00000|  0%| F|  |TAMS 0x000000070d800000, 0x000000070d800000| Untracked 
| 109|0x000000070da00000, 0x000000070da00000, 0x000000070dc00000|  0%| F|  |TAMS 0x000000070da00000, 0x000000070da00000| Untracked 
| 110|0x000000070dc00000, 0x000000070dc00000, 0x000000070de00000|  0%| F|  |TAMS 0x000000070dc00000, 0x000000070dc00000| Untracked 
| 111|0x000000070de00000, 0x000000070de00000, 0x000000070e000000|  0%| F|  |TAMS 0x000000070de00000, 0x000000070de00000| Untracked 
| 112|0x000000070e000000, 0x000000070e000000, 0x000000070e200000|  0%| F|  |TAMS 0x000000070e000000, 0x000000070e000000| Untracked 
| 113|0x000000070e200000, 0x000000070e200000, 0x000000070e400000|  0%| F|  |TAMS 0x000000070e200000, 0x000000070e200000| Untracked 
| 114|0x000000070e400000, 0x000000070e400000, 0x000000070e600000|  0%| F|  |TAMS 0x000000070e400000, 0x000000070e400000| Untracked 
| 115|0x000000070e600000, 0x000000070e600000, 0x000000070e800000|  0%| F|  |TAMS 0x000000070e600000, 0x000000070e600000| Untracked 
| 116|0x000000070e800000, 0x000000070e800000, 0x000000070ea00000|  0%| F|  |TAMS 0x000000070e800000, 0x000000070e800000| Untracked 
| 117|0x000000070ea00000, 0x000000070ea00000, 0x000000070ec00000|  0%| F|  |TAMS 0x000000070ea00000, 0x000000070ea00000| Untracked 
| 118|0x000000070ec00000, 0x000000070ec00000, 0x000000070ee00000|  0%| F|  |TAMS 0x000000070ec00000, 0x000000070ec00000| Untracked 
| 119|0x000000070ee00000, 0x000000070ee00000, 0x000000070f000000|  0%| F|  |TAMS 0x000000070ee00000, 0x000000070ee00000| Untracked 
| 120|0x000000070f000000, 0x000000070f000000, 0x000000070f200000|  0%| F|  |TAMS 0x000000070f000000, 0x000000070f000000| Untracked 
| 121|0x000000070f200000, 0x000000070f200000, 0x000000070f400000|  0%| F|  |TAMS 0x000000070f200000, 0x000000070f200000| Untracked 
| 122|0x000000070f400000, 0x000000070f400000, 0x000000070f600000|  0%| F|  |TAMS 0x000000070f400000, 0x000000070f400000| Untracked 
| 123|0x000000070f600000, 0x000000070f600000, 0x000000070f800000|  0%| F|  |TAMS 0x000000070f600000, 0x000000070f600000| Untracked 
| 124|0x000000070f800000, 0x000000070fa00000, 0x000000070fa00000|100%| E|  |TAMS 0x000000070f800000, 0x000000070f800000| Complete 
| 125|0x000000070fa00000, 0x000000070fc00000, 0x000000070fc00000|100%| E|CS|TAMS 0x000000070fa00000, 0x000000070fa00000| Complete 
| 126|0x000000070fc00000, 0x000000070fe00000, 0x000000070fe00000|100%| E|CS|TAMS 0x000000070fc00000, 0x000000070fc00000| Complete 
| 127|0x000000070fe00000, 0x0000000710000000, 0x0000000710000000|100%| E|CS|TAMS 0x000000070fe00000, 0x000000070fe00000| Complete 
|1534|0x00000007bfc00000, 0x00000007bfd51000, 0x00000007bfe00000| 65%|OA|  |TAMS 0x00000007bfc00000, 0x00000007bfc00000| Untracked 
|1535|0x00000007bfe00000, 0x00000007bfe79000, 0x00000007c0000000| 23%|CA|  |TAMS 0x00000007bfe00000, 0x00000007bfe00000| Untracked 

Card table byte_map: [0x000000012aaf0000,0x000000012b2f0000] _byte_map_base: 0x00000001272f0000

Marking Bits (Prev, Next): (CMBitMap*) 0x00007fc569822c10, (CMBitMap*) 0x00007fc569822c50
 Prev Bits: [0x000000012baf0000, 0x000000012faf0000)
 Next Bits: [0x000000012faf0000, 0x0000000133af0000)

Polling page: 0x00000001044c7000

Metaspace:

Usage:
  Non-class:      4.41 MB capacity,     3.17 MB ( 72%) used,     1.24 MB ( 28%) free+waste,     1.62 KB ( <1%) overhead. 
      Class:    467.00 KB capacity,   367.59 KB ( 79%) used,    98.41 KB ( 21%) free+waste,     1.00 KB ( <1%) overhead. 
       Both:      4.87 MB capacity,     3.53 MB ( 73%) used,     1.33 MB ( 27%) free+waste,     2.62 KB ( <1%) overhead. 

Virtual space:
  Non-class space:        8.00 MB reserved,       4.50 MB ( 56%) committed 
      Class space:        1.00 GB reserved,     512.00 KB ( <1%) committed 
             Both:        1.01 GB reserved,       5.00 MB ( <1%) committed 

Chunk freelists:
   Non-Class:  59.00 KB
       Class:  13.00 KB
        Both:  72.00 KB

MaxMetaspaceSize: 17179869184.00 GB
CompressedClassSpaceSize: 1.00 GB

CodeHeap 'non-profiled nmethods': size=120028Kb used=178Kb max_used=178Kb free=119849Kb
 bounds [0x0000000122bd6000, 0x0000000122e46000, 0x000000012a10d000]
CodeHeap 'profiled nmethods': size=120028Kb used=745Kb max_used=745Kb free=119282Kb
 bounds [0x000000011b69f000, 0x000000011b90f000, 0x0000000122bd6000]
CodeHeap 'non-nmethods': size=5704Kb used=1212Kb max_used=1230Kb free=4491Kb
 bounds [0x000000011b10d000, 0x000000011b37d000, 0x000000011b69f000]
 total_blobs=951 nmethods=551 adapters=315
 compilation: enabled
              stopped_count=0, restarted_count=0
 full_count=0

Compilation events (20 events):
Event: 3342.218 Thread 0x00007fc5698df000  567       4       java.lang.String::getBytes (44 bytes)
Event: 3342.220 Thread 0x00007fc5698df000 

Event: 3353.628 Thread 0x00007fc5698df000  568       4       org.eclipse.jdt.launching.internal.org.objectweb.asm.ClassReader::readUtf (44 bytes)
Event: 3353.632 Thread 0x00007fc5698df000 

Event: 3395.121 Thread 0x00007fc56a024400  569       3       org.eclipse.jdt.launching.internal.org.objectweb.asm.ClassReader::readInt (52 bytes)
Event: 3395.121 Thread 0x00007fc56a024400 nmethod 569 0x000000011b759190 code [0x000000011b759320, 0x000000011b7594f0]
Event: 3985.843 Thread 0x00007fc5698df000  570       4       org.eclipse.jdt.launching.internal.org.objectweb.asm.Symbol::<init> (38 bytes)
Event: 3985.845 Thread 0x00007fc5698df000 

Event: 3985.845 Thread 0x00007fc5698df000  571       4       org.eclipse.jdt.launching.internal.org.objectweb.asm.SymbolTable::add (39 bytes)
Event: 3985.848 Thread 0x00007fc5698df000 nmethod 571 0x0000000122c02410 code [0x0000000122c025a0, 0x0000000122c02938]
Event: 4029.163 Thread 0x00007fc5698df000  572       4       org.eclipse.jdt.launching.internal.org.objectweb.asm.ClassReader::readUtf (44 bytes)
Event: 4029.167 Thread 0x00007fc5698df000 

Event: 4103.178 Thread 0x00007fc5698df000  573       4       org.eclipse.jdt.launching.internal.org.objectweb.asm.SymbolTable$Entry::<init> (17 bytes)
Event: 4103.180 Thread 0x00007fc5698df000 

Event: 4150.787 Thread 0x00007fc5698df000  574       4       org.eclipse.jdt.launching.internal.org.objectweb.asm.Symbol::<init> (38 bytes)
Event: 4150.789 Thread 0x00007fc5698df000 

Event: 4224.717 Thread 0x00007fc5698df000  575       4       org.eclipse.jdt.launching.internal.org.objectweb.asm.ClassReader::readUtf (44 bytes)
Event: 4224.717 Thread 0x00007fc56a024400  576       3       org.eclipse.jdt.launching.internal.org.objectweb.asm.ByteVector::putByteArray (49 bytes)
Event: 4224.719 Thread 0x00007fc56a024400 

Event: 4224.721 Thread 0x00007fc5698df000 


GC Heap History (0 events):
No events

Deoptimization events (20 events):
Event: 0.374 Thread 0x00007fc569823400 Uncommon trap: trap_request=0xffffff45 fr.pc=0x0000000122bdfcfc relative=0x00000000000001dc
Event: 0.374 Thread 0x00007fc569823400 Uncommon trap: reason=unstable_if action=reinterpret pc=0x0000000122bdfcfc method=java.lang.String.hashCode()I @ 42 c2
Event: 0.374 Thread 0x00007fc569823400 DEOPT PACKING pc=0x0000000122bdfcfc sp=0x000000030cc24e60
Event: 0.374 Thread 0x00007fc569823400 DEOPT UNPACKING pc=0x000000011b15ae1f sp=0x000000030cc24e18 mode 2
Event: 0.374 Thread 0x00007fc569823400 DEOPT PACKING pc=0x000000011b717636 sp=0x000000030cc24150
Event: 0.374 Thread 0x00007fc569823400 DEOPT UNPACKING pc=0x000000011b15ac1c sp=0x000000030cc23638 mode 0
Event: 0.378 Thread 0x00007fc569823400 DEOPT PACKING pc=0x000000011b717636 sp=0x000000030cc22700
Event: 0.378 Thread 0x00007fc569823400 DEOPT UNPACKING pc=0x000000011b15ac1c sp=0x000000030cc21be8 mode 0
Event: 0.378 Thread 0x00007fc569823400 DEOPT PACKING pc=0x000000011b717636 sp=0x000000030cc22700
Event: 0.378 Thread 0x00007fc569823400 DEOPT UNPACKING pc=0x000000011b15ac1c sp=0x000000030cc21be8 mode 0
Event: 0.378 Thread 0x00007fc569823400 DEOPT PACKING pc=0x000000011b71786b sp=0x000000030cc22700
Event: 0.378 Thread 0x00007fc569823400 DEOPT UNPACKING pc=0x000000011b15ac1c sp=0x000000030cc21be8 mode 0
Event: 0.378 Thread 0x00007fc569823400 DEOPT PACKING pc=0x000000011b71786b sp=0x000000030cc22700
Event: 0.378 Thread 0x00007fc569823400 DEOPT UNPACKING pc=0x000000011b15ac1c sp=0x000000030cc21be8 mode 0
Event: 0.386 Thread 0x00007fc569823400 DEOPT PACKING pc=0x000000011b6f4d75 sp=0x000000030cc25430
Event: 0.386 Thread 0x00007fc569823400 DEOPT UNPACKING pc=0x000000011b15ac1c sp=0x000000030cc248e8 mode 0
Event: 0.410 Thread 0x00007fc569823400 Uncommon trap: trap_request=0xffffff45 fr.pc=0x0000000122be7844 relative=0x0000000000000044
Event: 0.410 Thread 0x00007fc569823400 Uncommon trap: reason=unstable_if action=reinterpret pc=0x0000000122be7844 method=java.lang.CharacterData.of(I)Ljava/lang/CharacterData; @ 4 c2
Event: 0.410 Thread 0x00007fc569823400 DEOPT PACKING pc=0x0000000122be7844 sp=0x000000030cc25ef0
Event: 0.410 Thread 0x00007fc569823400 DEOPT UNPACKING pc=0x000000011b15ae1f sp=0x000000030cc25eb0 mode 2

Classes unloaded (0 events):
No events

Classes redefined (20 events):
Event: 2699.311 Thread 0x00007fc55940ed00 redefined class name=JAVABruteForce.체스판다시칠하기, count=26
Event: 2706.735 Thread 0x00007fc55940ed00 redefined class name=JAVABruteForce.체스판다시칠하기, count=27
Event: 2792.616 Thread 0x00007fc55940ed00 redefined class name=JAVABruteForce.체스판다시칠하기, count=28
Event: 2928.273 Thread 0x00007fc55940ed00 redefined class name=JAVABruteForce.체스판다시칠하기, count=29
Event: 3013.550 Thread 0x00007fc55940ed00 redefined class name=JAVABruteForce.체스판다시칠하기, count=30
Event: 3212.586 Thread 0x00007fc55940ed00 redefined class name=JAVABruteForce.체스판다시칠하기, count=31
Event: 3265.417 Thread 0x00007fc55940ed00 redefined class name=JAVABruteForce.체스판다시칠하기, count=32
Event: 3342.219 Thread 0x00007fc55940ed00 redefined class name=JAVABruteForce.체스판다시칠하기, count=33
Event: 3353.629 Thread 0x00007fc55940ed00 redefined class name=JAVABruteForce.체스판다시칠하기, count=34
Event: 3395.122 Thread 0x00007fc55940ed00 redefined class name=JAVABruteForce.체스판다시칠하기, count=35
Event: 3894.193 Thread 0x00007fc55940ed00 redefined class name=JAVABruteForce.체스판다시칠하기, count=36
Event: 3918.045 Thread 0x00007fc55940ed00 redefined class name=JAVABruteForce.체스판다시칠하기, count=37
Event: 3985.844 Thread 0x00007fc55940ed00 redefined class name=JAVABruteForce.체스판다시칠하기, count=38
Event: 4011.275 Thread 0x00007fc55940ed00 redefined class name=JAVABruteForce.체스판다시칠하기, count=39
Event: 4029.164 Thread 0x00007fc55940ed00 redefined class name=JAVABruteForce.체스판다시칠하기, count=40
Event: 4046.468 Thread 0x00007fc55940ed00 redefined class name=JAVABruteForce.체스판다시칠하기, count=41
Event: 4103.178 Thread 0x00007fc55940ed00 redefined class name=JAVABruteForce.체스판다시칠하기, count=42
Event: 4126.940 Thread 0x00007fc55940ed00 redefined class name=JAVABruteForce.체스판다시칠하기, count=43
Event: 4150.788 Thread 0x00007fc55940ed00 redefined class name=JAVABruteForce.체스판다시칠하기, count=44
Event: 4224.718 Thread 0x00007fc55940ed00 redefined class name=JAVABruteForce.체스판다시칠하기, count=45

Internal exceptions (5 events):
Event: 0.082 Thread 0x00007fc569823400 Exception <a 'java/lang/NoSuchMethodError'{0x000000070fe69ca0}: 'void java.lang.invoke.DirectMethodHandle$Holder.invokeVirtual(java.lang.Object, java.lang.Object)'> (0x000000070fe69ca0) 
thrown [./open/src/hotspot/share/interpreter/linkResolver.cpp, line 782]
Event: 0.239 Thread 0x00007fc569823400 Exception <a 'java/lang/NoSuchMethodError'{0x000000070fc0e060}: 'void java.lang.invoke.DirectMethodHandle$Holder.invokeStatic(java.lang.Object, java.lang.Object)'> (0x000000070fc0e060) 
thrown [./open/src/hotspot/share/interpreter/linkResolver.cpp, line 782]
Event: 0.239 Thread 0x00007fc569823400 Exception <a 'java/lang/NoSuchMethodError'{0x000000070fc118d8}: 'void java.lang.invoke.DirectMethodHandle$Holder.invokeStaticInit(java.lang.Object, java.lang.Object)'> (0x000000070fc118d8) 
thrown [./open/src/hotspot/share/interpreter/linkResolver.cpp, line 782]
Event: 0.343 Thread 0x00007fc569823400 Exception <a 'java/lang/NoSuchMethodError'{0x000000070fda4090}: 'java.lang.Object java.lang.invoke.DirectMethodHandle$Holder.invokeStatic(java.lang.Object)'> (0x000000070fda4090) 
thrown [./open/src/hotspot/share/interpreter/linkResolver.cpp, line 782]
Event: 4370.407 Thread 0x00007fc54980b400 Exception <a 'java/lang/LinkageError'{0x000000070f9faa08}> (0x000000070f9faa08) 
thrown [./open/src/hotspot/share/oops/generateOopMap.cpp, line 2137]

Events (20 events):
Event: 4224.773 Executing VM operation: GetFrameCount
Event: 4224.773 Executing VM operation: GetFrameCount done
Event: 4224.773 Executing VM operation: GetStackTrace
Event: 4224.773 Executing VM operation: GetStackTrace done
Event: 4224.774 Executing VM operation: GetFrameCount
Event: 4224.774 Executing VM operation: GetFrameCount done
Event: 4225.704 Executing VM operation: GetFrameLocation
Event: 4225.704 Executing VM operation: GetFrameLocation done
Event: 4225.704 Executing VM operation: get/set locals
Event: 4225.704 Executing VM operation: get/set locals done
Event: 4225.864 Executing VM operation: GetFrameCount
Event: 4225.864 Executing VM operation: GetFrameCount done
Event: 4225.868 Executing VM operation: GetFrameCount
Event: 4225.868 Executing VM operation: GetFrameCount done
Event: 4232.481 Executing VM operation: GetFrameCount
Event: 4232.481 Executing VM operation: GetFrameCount done
Event: 4260.635 Executing VM operation: GetFrameCount
Event: 4260.636 Executing VM operation: GetFrameCount done
Event: 4279.573 Executing VM operation: GetFrameCount
Event: 4279.573 Executing VM operation: GetFrameCount done


Dynamic libraries:
0x00007ffdffb94000 	/Library/Apple/usr/libexec/oah/runtime
0x00007fff2a68c000 	/usr/lib/libz.1.dylib
0x000000010c76b000 	/Library/Java/JavaVirtualMachines/jdk-15.0.2.jdk/Contents/Home/lib/libjli.dylib
0x00007fff3532a000 	/System/Library/Frameworks/Cocoa.framework/Versions/A/Cocoa
0x00007fff221e9000 	/System/Library/Frameworks/Security.framework/Versions/A/Security
0x00007fff33529000 	/System/Library/Frameworks/ApplicationServices.framework/Versions/A/ApplicationServices
0x00007fff2a758000 	/usr/lib/libSystem.B.dylib
0x00007fff2a752000 	/usr/lib/system/libcache.dylib
0x00007fff2a70e000 	/usr/lib/system/libcommonCrypto.dylib
0x00007fff2a738000 	/usr/lib/system/libcompiler_rt.dylib
0x00007fff2a72d000 	/usr/lib/system/libcopyfile.dylib
0x00007fff2018a000 	/usr/lib/system/libcorecrypto.dylib
0x00007fff20256000 	/usr/lib/system/libdispatch.dylib
0x00007fff2040b000 	/usr/lib/system/libdyld.dylib
0x00007fff2a749000 	/usr/lib/system/libkeymgr.dylib
0x00007fff2dce7000 	/usr/lib/system/liblaunch.dylib
0x00007fff2a6ec000 	/usr/lib/system/libmacho.dylib
0x00007fff29f02000 	/usr/lib/system/libquarantine.dylib
0x00007fff2a746000 	/usr/lib/system/libremovefile.dylib
0x00007fff24b7e000 	/usr/lib/system/libsystem_asl.dylib
0x00007fff2013a000 	/usr/lib/system/libsystem_blocks.dylib
0x00007fff202d8000 	/usr/lib/system/libsystem_c.dylib
0x00007fff2a740000 	/usr/lib/system/libsystem_collections.dylib
0x00007fff292ef000 	/usr/lib/system/libsystem_configuration.dylib
0x00007fff285df000 	/usr/lib/system/libsystem_containermanager.dylib
0x00007fff2a484000 	/usr/lib/system/libsystem_coreservices.dylib
0x00007fff2279d000 	/usr/lib/system/libsystem_darwin.dylib
0x00007fff2a74a000 	/usr/lib/system/libsystem_dnssd.dylib
0x00007fff202d5000 	/usr/lib/system/libsystem_featureflags.dylib
0x00007fff20450000 	/usr/lib/system/libsystem_info.dylib
0x00007fff2a69f000 	/usr/lib/system/libsystem_m.dylib
0x00007fff20229000 	/usr/lib/system/libsystem_malloc.dylib
0x00007fff24b12000 	/usr/lib/system/libsystem_networkextension.dylib
0x00007fff22bb7000 	/usr/lib/system/libsystem_notify.dylib
0x00007fff30194000 	/usr/lib/system/libsystem_product_info_filter.dylib
0x00007fff292f3000 	/usr/lib/system/libsystem_sandbox.dylib
0x00007fff2a743000 	/usr/lib/system/libsystem_secinit.dylib
0x00007fff203d0000 	/usr/lib/system/libsystem_kernel.dylib
0x00007fff20446000 	/usr/lib/system/libsystem_platform.dylib
0x00007fff203ff000 	/usr/lib/system/libsystem_pthread.dylib
0x00007fff262ab000 	/usr/lib/system/libsystem_symptoms.dylib
0x00007fff20172000 	/usr/lib/system/libsystem_trace.dylib
0x00007fff2a71a000 	/usr/lib/system/libunwind.dylib
0x00007fff2013c000 	/usr/lib/system/libxpc.dylib
0x00007fff203b7000 	/usr/lib/libc++abi.dylib
0x00007fff2029b000 	/usr/lib/libobjc.A.dylib
0x00007fff2a725000 	/usr/lib/liboah.dylib
0x00007fff20361000 	/usr/lib/libc++.1.dylib
0x00007fff2047c000 	/System/Library/Frameworks/CoreFoundation.framework/Versions/A/CoreFoundation
0x00007fff2115e000 	/System/Library/Frameworks/Foundation.framework/Versions/C/Foundation
0x00007fff22c0f000 	/System/Library/Frameworks/AppKit.framework/Versions/C/AppKit
0x00007fff25acb000 	/System/Library/Frameworks/CoreData.framework/Versions/A/CoreData
0x00007fff23972000 	/System/Library/PrivateFrameworks/UIFoundation.framework/Versions/A/UIFoundation
0x00007fff2ff0d000 	/System/Library/PrivateFrameworks/RemoteViewServices.framework/Versions/A/RemoteViewServices
0x00007fff28ca9000 	/System/Library/PrivateFrameworks/XCTTargetBootstrap.framework/Versions/A/XCTTargetBootstrap
0x00007fff2b9f5000 	/usr/lib/libspindump.dylib
0x00007fff23bc6000 	/System/Library/Frameworks/UniformTypeIdentifiers.framework/Versions/A/UniformTypeIdentifiers
0x00007fff27480000 	/usr/lib/libapp_launch_measurement.dylib
0x00007fff27483000 	/System/Library/PrivateFrameworks/CoreAutoLayout.framework/Versions/A/CoreAutoLayout
0x00007fff2860b000 	/System/Library/Frameworks/Metal.framework/Versions/A/Metal
0x00007fff292fe000 	/usr/lib/liblangid.dylib
0x00007fff28cad000 	/System/Library/PrivateFrameworks/CoreSVG.framework/Versions/A/CoreSVG
0x00007fff24bad000 	/System/Library/PrivateFrameworks/SkyLight.framework/Versions/A/SkyLight
0x00007fff24f13000 	/System/Library/Frameworks/CoreGraphics.framework/Versions/A/CoreGraphics
0x00007fff30564000 	/System/Library/Frameworks/Accelerate.framework/Versions/A/Accelerate
0x00007fff2b430000 	/System/Library/PrivateFrameworks/IconServices.framework/Versions/A/IconServices
0x00007fff285f0000 	/System/Library/Frameworks/IOSurface.framework/Versions/A/IOSurface
0x00007fff2645d000 	/usr/lib/libDiagnosticMessagesClient.dylib
0x00007fff28c95000 	/System/Library/PrivateFrameworks/DFRFoundation.framework/Versions/A/DFRFoundation
0x00007fff2253b000 	/usr/lib/libicucore.A.dylib
0x00007fff2cf35000 	/System/Library/Frameworks/AudioToolbox.framework/Versions/A/AudioToolbox
0x00007fff2c1db000 	/System/Library/PrivateFrameworks/DataDetectorsCore.framework/Versions/A/DataDetectorsCore
0x00007fff28995000 	/System/Library/Frameworks/Carbon.framework/Versions/A/Frameworks/HIToolbox.framework/Versions/A/HIToolbox
0x00007fff26ed8000 	/System/Library/Frameworks/QuartzCore.framework/Versions/A/QuartzCore
0x00007fff2ff49000 	/System/Library/Frameworks/Carbon.framework/Versions/A/Frameworks/SpeechRecognition.framework/Versions/A/SpeechRecognition
0x00007fff271e8000 	/System/Library/PrivateFrameworks/CoreUI.framework/Versions/A/CoreUI
0x00007fff21b45000 	/System/Library/Frameworks/CoreAudio.framework/Versions/A/CoreAudio
0x00007fff26548000 	/System/Library/Frameworks/DiskArbitration.framework/Versions/A/DiskArbitration
0x00007fff2bdef000 	/System/Library/PrivateFrameworks/MultitouchSupport.framework/Versions/A/MultitouchSupport
0x00007fff2c1d2000 	/System/Library/PrivateFrameworks/InternationalSupport.framework/Versions/A/InternationalSupport
0x00007fff24b21000 	/usr/lib/libenergytrace.dylib
0x00007fff22b09000 	/System/Library/Frameworks/IOKit.framework/Versions/A/IOKit
0x00007fff30296000 	/System/Library/Frameworks/CoreServices.framework/Versions/A/CoreServices
0x00007fff27416000 	/System/Library/PrivateFrameworks/PerformanceAnalysis.framework/Versions/A/PerformanceAnalysis
0x00007fff6cb9f000 	/System/Library/Frameworks/OpenGL.framework/Versions/A/OpenGL
0x00007fff2c257000 	/System/Library/PrivateFrameworks/UserActivity.framework/Versions/A/UserActivity
0x00007fff255cd000 	/System/Library/Frameworks/ColorSync.framework/Versions/A/ColorSync
0x00007fff28f15000 	/System/Library/Frameworks/CoreImage.framework/Versions/A/CoreImage
0x00007fff2195c000 	/System/Library/Frameworks/CoreText.framework/Versions/A/CoreText
0x00007fff28cd7000 	/System/Library/Frameworks/ImageIO.framework/Versions/A/ImageIO
0x00007fff2a75e000 	/System/Library/PrivateFrameworks/SoftLinking.framework/Versions/A/SoftLinking
0x00007fff274cc000 	/usr/lib/libxml2.2.dylib
0x00007fff2a9d0000 	/usr/lib/libcompression.dylib
0x00007fff24b22000 	/usr/lib/libMobileGestalt.dylib
0x00007fff2c105000 	/System/Library/PrivateFrameworks/TextureIO.framework/Versions/A/TextureIO
0x00007fff2b0bd000 	/usr/lib/libate.dylib
0x00007fff2ade9000 	/usr/lib/liblzma.5.dylib
0x00007fff20e72000 	/System/Library/Frameworks/SystemConfiguration.framework/Versions/A/SystemConfiguration
0x00007fff2a75a000 	/usr/lib/libfakelink.dylib
0x00007fff24674000 	/System/Library/Frameworks/CFNetwork.framework/Versions/A/CFNetwork
0x00007fff2a89a000 	/usr/lib/libarchive.2.dylib
0x00007fff20ef0000 	/usr/lib/libCRFSuite.dylib
0x00007fff29f29000 	/usr/lib/libbsm.0.dylib
0x00007fff24030000 	/usr/lib/libnetwork.dylib
0x00007fff2a75f000 	/usr/lib/libpcap.A.dylib
0x00007fff262a4000 	/usr/lib/libdns_services.dylib
0x00007fff2ae02000 	/usr/lib/libcoretls_cfhelpers.dylib
0x00007fff2a99e000 	/usr/lib/libapple_nghttp2.dylib
0x00007fff2a6f2000 	/usr/lib/system/libkxld.dylib
0x00007fff25f12000 	/usr/lib/libsqlite3.dylib
0x00007fff2a466000 	/System/Library/PrivateFrameworks/AppleFSCompression.framework/Versions/A/AppleFSCompression
0x00007fff29f11000 	/usr/lib/libcoretls.dylib
0x00007fff2a9cb000 	/usr/lib/libpam.2.dylib
0x00007fff2aefe000 	/usr/lib/libxar.1.dylib
0x00007fff292fa000 	/System/Library/PrivateFrameworks/AppleSystemInfo.framework/Versions/A/AppleSystemInfo
0x00007fff29b54000 	/System/Library/PrivateFrameworks/IOMobileFramebuffer.framework/Versions/A/IOMobileFramebuffer
0x00007fff2a476000 	/usr/lib/libbz2.1.0.dylib
0x00007fff2a797000 	/usr/lib/libiconv.2.dylib
0x00007fff2a6eb000 	/usr/lib/libcharset.1.dylib
0x00007fff27452000 	/System/Library/Frameworks/CoreServices.framework/Versions/A/Frameworks/FSEvents.framework/Versions/A/FSEvents
0x00007fff227a7000 	/System/Library/Frameworks/CoreServices.framework/Versions/A/Frameworks/CarbonCore.framework/Versions/A/CarbonCore
0x00007fff264ad000 	/System/Library/Frameworks/CoreServices.framework/Versions/A/Frameworks/Metadata.framework/Versions/A/Metadata
0x00007fff2a489000 	/System/Library/Frameworks/CoreServices.framework/Versions/A/Frameworks/OSServices.framework/Versions/A/OSServices
0x00007fff2a90c000 	/System/Library/Frameworks/CoreServices.framework/Versions/A/Frameworks/SearchKit.framework/Versions/A/SearchKit
0x00007fff2622e000 	/System/Library/Frameworks/CoreServices.framework/Versions/A/Frameworks/AE.framework/Versions/A/AE
0x00007fff20918000 	/System/Library/Frameworks/CoreServices.framework/Versions/A/Frameworks/LaunchServices.framework/Versions/A/LaunchServices
0x00007fff2ad9a000 	/System/Library/Frameworks/CoreServices.framework/Versions/A/Frameworks/DictionaryServices.framework/Versions/A/DictionaryServices
0x00007fff2745b000 	/System/Library/Frameworks/CoreServices.framework/Versions/A/Frameworks/SharedFileList.framework/Versions/A/SharedFileList
0x00007fff29f05000 	/usr/lib/libCheckFix.dylib
0x00007fff24b95000 	/System/Library/PrivateFrameworks/TCC.framework/Versions/A/TCC
0x00007fff29300000 	/System/Library/PrivateFrameworks/CoreNLP.framework/Versions/A/CoreNLP
0x00007fff26460000 	/System/Library/PrivateFrameworks/MetadataUtilities.framework/Versions/A/MetadataUtilities
0x00007fff20f26000 	/usr/lib/libmecabra.dylib
0x00007fff2a219000 	/System/Library/Frameworks/MLCompute.framework/Versions/A/MLCompute
0x00007fff29f3a000 	/usr/lib/libmecab.dylib
0x00007fff29f84000 	/usr/lib/libgermantok.dylib
0x00007fff2a974000 	/usr/lib/libThaiTokenizer.dylib
0x00007fff2af39000 	/usr/lib/libChineseTokenizer.dylib
0x00007fff2a9c9000 	/System/Library/Frameworks/MetalPerformanceShaders.framework/Versions/A/MetalPerformanceShaders
0x00007fff2654f000 	/System/Library/Frameworks/Accelerate.framework/Versions/A/Frameworks/vImage.framework/Versions/A/vImage
0x00007fff3026f000 	/System/Library/Frameworks/Accelerate.framework/Versions/A/Frameworks/vecLib.framework/Versions/A/vecLib
0x00007fff2af44000 	/System/Library/Frameworks/Accelerate.framework/Versions/A/Frameworks/vecLib.framework/Versions/A/libvMisc.dylib
0x00007fff299b0000 	/System/Library/Frameworks/Accelerate.framework/Versions/A/Frameworks/vecLib.framework/Versions/A/libvDSP.dylib
0x00007fff20c1c000 	/System/Library/Frameworks/Accelerate.framework/Versions/A/Frameworks/vecLib.framework/Versions/A/libBLAS.dylib
0x00007fff2a9ef000 	/System/Library/Frameworks/Accelerate.framework/Versions/A/Frameworks/vecLib.framework/Versions/A/libLAPACK.dylib
0x00007fff29f8a000 	/System/Library/Frameworks/Accelerate.framework/Versions/A/Frameworks/vecLib.framework/Versions/A/libLinearAlgebra.dylib
0x00007fff2a9b6000 	/System/Library/Frameworks/Accelerate.framework/Versions/A/Frameworks/vecLib.framework/Versions/A/libSparseBLAS.dylib
0x00007fff2a9e9000 	/System/Library/Frameworks/Accelerate.framework/Versions/A/Frameworks/vecLib.framework/Versions/A/libQuadrature.dylib
0x00007fff293a8000 	/System/Library/Frameworks/Accelerate.framework/Versions/A/Frameworks/vecLib.framework/Versions/A/libBNNS.dylib
0x00007fff20e03000 	/System/Library/Frameworks/Accelerate.framework/Versions/A/Frameworks/vecLib.framework/Versions/A/libSparse.dylib
0x00007fff29293000 	/System/Library/Frameworks/MetalPerformanceShaders.framework/Versions/A/Frameworks/MPSCore.framework/Versions/A/MPSCore
0x00007fff2a3d5000 	/System/Library/Frameworks/MetalPerformanceShaders.framework/Versions/A/Frameworks/MPSImage.framework/Versions/A/MPSImage
0x00007fff29fa1000 	/System/Library/Frameworks/MetalPerformanceShaders.framework/Versions/A/Frameworks/MPSNeuralNetwork.framework/Versions/A/MPSNeuralNetwork
0x00007fff2a360000 	/System/Library/Frameworks/MetalPerformanceShaders.framework/Versions/A/Frameworks/MPSMatrix.framework/Versions/A/MPSMatrix
0x00007fff2a1c9000 	/System/Library/Frameworks/MetalPerformanceShaders.framework/Versions/A/Frameworks/MPSRayIntersector.framework/Versions/A/MPSRayIntersector
0x00007fff2a397000 	/System/Library/Frameworks/MetalPerformanceShaders.framework/Versions/A/Frameworks/MPSNDArray.framework/Versions/A/MPSNDArray
0x00007fff20b48000 	/System/Library/PrivateFrameworks/MetalTools.framework/Versions/A/MetalTools
0x00007fff292f8000 	/System/Library/PrivateFrameworks/AggregateDictionary.framework/Versions/A/AggregateDictionary
0x00007fff26438000 	/System/Library/PrivateFrameworks/CoreAnalytics.framework/Versions/A/CoreAnalytics
0x00007fff2a976000 	/System/Library/PrivateFrameworks/AppleSauce.framework/Versions/A/AppleSauce
0x00007fff28602000 	/System/Library/PrivateFrameworks/IOAccelerator.framework/Versions/A/IOAccelerator
0x00007fff6cb93000 	/System/Library/Frameworks/OpenGL.framework/Versions/A/Libraries/libCoreFSCache.dylib
0x00007fff214c2000 	/System/Library/PrivateFrameworks/LanguageModeling.framework/Versions/A/LanguageModeling
0x00007fff29b41000 	/System/Library/PrivateFrameworks/CoreEmoji.framework/Versions/A/CoreEmoji
0x00007fff293a1000 	/System/Library/PrivateFrameworks/LinguisticData.framework/Versions/A/LinguisticData
0x00007fff20db5000 	/System/Library/PrivateFrameworks/Lexicon.framework/Versions/A/Lexicon
0x00007fff2a888000 	/usr/lib/libcmph.dylib
0x00007fff27432000 	/System/Library/Frameworks/OpenDirectory.framework/Versions/A/Frameworks/CFOpenDirectory.framework/Versions/A/CFOpenDirectory
0x00007fff27422000 	/System/Library/Frameworks/OpenDirectory.framework/Versions/A/OpenDirectory
0x00007fff2ae04000 	/System/Library/PrivateFrameworks/APFS.framework/Versions/A/APFS
0x00007fff29e66000 	/System/Library/Frameworks/SecurityFoundation.framework/Versions/A/SecurityFoundation
0x00007fff2af0c000 	/usr/lib/libutil.dylib
0x00007fff22ace000 	/System/Library/PrivateFrameworks/CoreServicesStore.framework/Versions/A/CoreServicesStore
0x00007fff29efd000 	/System/Library/Frameworks/ServiceManagement.framework/Versions/A/ServiceManagement
0x00007fff2af10000 	/usr/lib/libxslt.1.dylib
0x00007fff29ef3000 	/System/Library/PrivateFrameworks/BackgroundTaskManagement.framework/Versions/A/BackgroundTaskManagement
0x00007fff2c050000 	/System/Library/Frameworks/ImageIO.framework/Versions/A/Resources/libRadiance.dylib
0x00007fff2c059000 	/System/Library/Frameworks/ImageIO.framework/Versions/A/Resources/libJPEG.dylib
0x00007fff2bfa9000 	/System/Library/Frameworks/ImageIO.framework/Versions/A/Resources/libPng.dylib
0x00007fff2bfd0000 	/System/Library/Frameworks/ImageIO.framework/Versions/A/Resources/libTIFF.dylib
0x00007fff2c0ae000 	/System/Library/Frameworks/ImageIO.framework/Versions/A/Resources/libGIF.dylib
0x00007fff2bd0d000 	/System/Library/Frameworks/ImageIO.framework/Versions/A/Resources/libJP2.dylib
0x00007fff2b3f7000 	/usr/lib/libexpat.1.dylib
0x00007fff2bcc2000 	/System/Library/PrivateFrameworks/AppleJPEG.framework/Versions/A/AppleJPEG
0x00007fff28838000 	/System/Library/PrivateFrameworks/FontServices.framework/libFontParser.dylib
0x00007fff261e2000 	/System/Library/PrivateFrameworks/RunningBoardServices.framework/Versions/A/RunningBoardServices
0x00007fff2bdeb000 	/System/Library/PrivateFrameworks/WatchdogClient.framework/Versions/A/WatchdogClient
0x00007fff215af000 	/System/Library/Frameworks/CoreDisplay.framework/Versions/A/CoreDisplay
0x00007fff2874e000 	/System/Library/Frameworks/CoreMedia.framework/Versions/A/CoreMedia
0x00007fff275af000 	/System/Library/Frameworks/CoreVideo.framework/Versions/A/CoreVideo
0x00007fff2be23000 	/System/Library/Frameworks/VideoToolbox.framework/Versions/A/VideoToolbox
0x00007fff26160000 	/System/Library/PrivateFrameworks/BaseBoard.framework/Versions/A/BaseBoard
0x00007fff2b53c000 	/System/Library/PrivateFrameworks/PersistentConnection.framework/Versions/A/PersistentConnection
0x00007fff25efb000 	/System/Library/PrivateFrameworks/ProtocolBuffer.framework/Versions/A/ProtocolBuffer
0x00007fff26147000 	/System/Library/PrivateFrameworks/CommonUtilities.framework/Versions/A/CommonUtilities
0x00007fff2bc57000 	/System/Library/PrivateFrameworks/Bom.framework/Versions/A/Bom
0x00007fff2c049000 	/System/Library/PrivateFrameworks/GPUWrangler.framework/Versions/A/GPUWrangler
0x00007fff2c02e000 	/System/Library/PrivateFrameworks/IOPresentment.framework/Versions/A/IOPresentment
0x00007fff2c053000 	/System/Library/PrivateFrameworks/DSExternalDisplay.framework/Versions/A/DSExternalDisplay
0x00007fff2c0b3000 	/System/Library/PrivateFrameworks/CMCaptureCore.framework/Versions/A/CMCaptureCore
0x00007fff2b9dc000 	/System/Library/PrivateFrameworks/AppServerSupport.framework/Versions/A/AppServerSupport
0x00007fff2da86000 	/System/Library/PrivateFrameworks/perfdata.framework/Versions/A/perfdata
0x00007fff29e55000 	/System/Library/PrivateFrameworks/AssertionServices.framework/Versions/A/AssertionServices
0x00007fff216e6000 	/System/Library/PrivateFrameworks/AudioToolboxCore.framework/Versions/A/AudioToolboxCore
0x00007fff28731000 	/System/Library/PrivateFrameworks/caulk.framework/Versions/A/caulk
0x00007fff3d713000 	/System/Library/PrivateFrameworks/SystemPolicy.framework/Versions/A/SystemPolicy
0x00007fff2b1ec000 	/usr/lib/libIOReport.dylib
0x00007fff2d2a8000 	/usr/lib/libSMC.dylib
0x00007fff2bf76000 	/usr/lib/libAudioToolboxUtility.dylib
0x00007fff3e07d000 	/usr/lib/libmis.dylib
0x00007fff6cbef000 	/System/Library/Frameworks/OpenGL.framework/Versions/A/Libraries/libGLU.dylib
0x00007fff6cbb2000 	/System/Library/Frameworks/OpenGL.framework/Versions/A/Libraries/libGFXShared.dylib
0x00007fff6cdc1000 	/System/Library/Frameworks/OpenGL.framework/Versions/A/Libraries/libGL.dylib
0x00007fff6cbbb000 	/System/Library/Frameworks/OpenGL.framework/Versions/A/Libraries/libGLImage.dylib
0x00007fff6cbaf000 	/System/Library/Frameworks/OpenGL.framework/Versions/A/Libraries/libCVMSPluginSupport.dylib
0x00007fff6cb9a000 	/System/Library/Frameworks/OpenGL.framework/Versions/A/Libraries/libCoreVMClient.dylib
0x00007fff6e202000 	/System/Library/Frameworks/OpenCL.framework/Versions/A/OpenCL
0x00007fff2b566000 	/System/Library/PrivateFrameworks/GraphVisualizer.framework/Versions/A/GraphVisualizer
0x00007fff2b575000 	/System/Library/PrivateFrameworks/FaceCore.framework/Versions/A/FaceCore
0x00007fff2b991000 	/System/Library/PrivateFrameworks/OTSVG.framework/Versions/A/OTSVG
0x00007fff271a6000 	/System/Library/Frameworks/ApplicationServices.framework/Versions/A/Frameworks/ATS.framework/Versions/A/Resources/libFontRegistry.dylib
0x00007fff2b9e3000 	/System/Library/PrivateFrameworks/FontServices.framework/libhvf.dylib
0x00007fff2b3a3000 	/System/Library/PrivateFrameworks/AppleVA.framework/Versions/A/AppleVA
0x00007fff2d0f1000 	/System/Library/Frameworks/ApplicationServices.framework/Versions/A/Frameworks/ATS.framework/Versions/A/ATS
0x00007fff2d403000 	/System/Library/Frameworks/ApplicationServices.framework/Versions/A/Frameworks/ColorSyncLegacy.framework/Versions/A/ColorSyncLegacy
0x00007fff256c4000 	/System/Library/Frameworks/ApplicationServices.framework/Versions/A/Frameworks/HIServices.framework/Versions/A/HIServices
0x00007fff2d3e8000 	/System/Library/Frameworks/ApplicationServices.framework/Versions/A/Frameworks/LangAnalysis.framework/Versions/A/LangAnalysis
0x00007fff2c0bd000 	/System/Library/Frameworks/ApplicationServices.framework/Versions/A/Frameworks/PrintCore.framework/Versions/A/PrintCore
0x00007fff2d40b000 	/System/Library/Frameworks/ApplicationServices.framework/Versions/A/Frameworks/QD.framework/Versions/A/QD
0x00007fff2d0e1000 	/System/Library/Frameworks/ApplicationServices.framework/Versions/A/Frameworks/SpeechSynthesis.framework/Versions/A/SpeechSynthesis
0x00007fff2c07e000 	/System/Library/Frameworks/ApplicationServices.framework/Versions/A/Frameworks/ATSUI.framework/Versions/A/ATSUI
0x00007fff2d388000 	/usr/lib/libcups.2.dylib
0x00007fff2d3f8000 	/System/Library/PrivateFrameworks/NetAuth.framework/Versions/A/NetAuth
0x00007fff2daa2000 	/System/Library/Frameworks/Kerberos.framework/Versions/A/Kerberos
0x00007fff2dab2000 	/System/Library/Frameworks/GSS.framework/Versions/A/GSS
0x00007fff2d15d000 	/usr/lib/libresolv.9.dylib
0x00007fff2b9f8000 	/System/Library/PrivateFrameworks/Heimdal.framework/Versions/A/Heimdal
0x00007fff33829000 	/System/Library/Frameworks/Kerberos.framework/Versions/A/Libraries/libHeimdalProxy.dylib
0x00007fff262b3000 	/System/Library/Frameworks/Network.framework/Versions/A/Network
0x00007fff2b411000 	/usr/lib/libheimdal-asn1.dylib
0x00007fff2db02000 	/System/Library/PrivateFrameworks/CommonAuth.framework/Versions/A/CommonAuth
0x00007fff275fc000 	/System/Library/PrivateFrameworks/login.framework/Versions/A/Frameworks/loginsupport.framework/Versions/A/loginsupport
0x00007fff2d066000 	/System/Library/PrivateFrameworks/AudioSession.framework/Versions/A/AudioSession
0x00007fff2d0ce000 	/usr/lib/libAudioStatistics.dylib
0x00007fff2b49e000 	/System/Library/PrivateFrameworks/MediaExperience.framework/Versions/A/MediaExperience
0x00007fff2cf03000 	/System/Library/PrivateFrameworks/AudioSession.framework/libSessionUtility.dylib
0x00007fff2da93000 	/usr/lib/libperfcheck.dylib
0x00007fff2d417000 	/System/Library/PrivateFrameworks/AudioResourceArbitration.framework/Versions/A/AudioResourceArbitration
0x00007fff2b41b000 	/System/Library/PrivateFrameworks/IconFoundation.framework/Versions/A/IconFoundation
0x00007fff2ff39000 	/System/Library/PrivateFrameworks/SpeechRecognitionCore.framework/Versions/A/SpeechRecognitionCore
0x00007fff5dfca000 	/System/Library/CoreServices/Encodings/libKoreanConverter.dylib
0x0000000110800000 	/Library/Java/JavaVirtualMachines/jdk-15.0.2.jdk/Contents/Home/lib/server/libjvm.dylib
0x0000000112e79000 	/Library/Java/JavaVirtualMachines/jdk-15.0.2.jdk/Contents/Home/lib/libjimage.dylib
0x0000000112e93000 	/Library/Java/JavaVirtualMachines/jdk-15.0.2.jdk/Contents/Home/lib/libjdwp.dylib
0x0000000112f41000 	/Library/Java/JavaVirtualMachines/jdk-15.0.2.jdk/Contents/Home/lib/libjava.dylib
0x0000000112fa4000 	/Library/Java/JavaVirtualMachines/jdk-15.0.2.jdk/Contents/Home/lib/libinstrument.dylib
0x000000013815c000 	/Library/Java/JavaVirtualMachines/jdk-15.0.2.jdk/Contents/Home/lib/libnio.dylib
0x000000013818a000 	/Library/Java/JavaVirtualMachines/jdk-15.0.2.jdk/Contents/Home/lib/libnet.dylib
0x0000000138268000 	/Library/Java/JavaVirtualMachines/jdk-15.0.2.jdk/Contents/Home/lib/libdt_socket.dylib
0x000000013828e000 	/Library/Java/JavaVirtualMachines/jdk-15.0.2.jdk/Contents/Home/lib/libzip.dylib
0x000000013812f000 	/Library/Java/JavaVirtualMachines/jdk-15.0.2.jdk/Contents/Home/lib/libverify.dylib


VM Arguments:
jvm_args: -XX:+ShowCodeDetailsInExceptionMessages -agentlib:jdwp=transport=dt_socket,suspend=y,address=localhost:58326 -javaagent:/Applications/SpringToolSuite4.app/Contents/Eclipse/configuration/org.eclipse.osgi/245/0/.cp/lib/javaagent-shaded.jar -Dfile.encoding=UTF-8 --module-path=/Users/junyoung/git/AlgorithmStudy/AlgorithmStudy/bin -Djdk.module.main=AlgorithmStudy 
java_command: AlgorithmStudy/JAVABruteForce.체스판다시칠하기
java_class_path (initial): <not set>
Launcher Type: SUN_STANDARD

[Global flags]
     intx CICompilerCount                          = 4                                         {product} {ergonomic}
     uint ConcGCThreads                            = 2                                         {product} {ergonomic}
     uint G1ConcRefinementThreads                  = 8                                         {product} {ergonomic}
   size_t G1HeapRegionSize                         = 2097152                                   {product} {ergonomic}
    uintx GCDrainStackTargetSize                   = 64                                        {product} {ergonomic}
   size_t InitialHeapSize                          = 268435456                                 {product} {ergonomic}
   size_t MarkStackSize                            = 4194304                                   {product} {ergonomic}
   size_t MaxHeapSize                              = 4294967296                                {product} {ergonomic}
   size_t MaxNewSize                               = 2575302656                                {product} {ergonomic}
   size_t MinHeapDeltaBytes                        = 2097152                                   {product} {ergonomic}
   size_t MinHeapSize                              = 8388608                                   {product} {ergonomic}
    uintx NonNMethodCodeHeapSize                   = 5839372                                {pd product} {ergonomic}
    uintx NonProfiledCodeHeapSize                  = 122909434                              {pd product} {ergonomic}
    uintx ProfiledCodeHeapSize                     = 122909434                              {pd product} {ergonomic}
    uintx ReservedCodeCacheSize                    = 251658240                              {pd product} {ergonomic}
     bool SegmentedCodeCache                       = true                                      {product} {ergonomic}
     bool ShowCodeDetailsInExceptionMessages       = true                                   {manageable} {command line}
   size_t SoftMaxHeapSize                          = 4294967296                             {manageable} {ergonomic}
     bool UseCompressedClassPointers               = true                                 {lp64_product} {ergonomic}
     bool UseCompressedOops                        = true                                 {lp64_product} {ergonomic}
     bool UseG1GC                                  = true                                      {product} {ergonomic}
     bool UseNUMA                                  = false                                     {product} {ergonomic}
     bool UseNUMAInterleaving                      = false                                     {product} {ergonomic}

Logging:
Log output configuration:
 #0: stdout all=warning uptime,level,tags
 #1: stderr all=off uptime,level,tags

Environment Variables:
PATH=/usr/bin:/bin:/usr/sbin:/sbin
SHELL=/bin/zsh

Signal Handlers:
SIGSEGV: [libjvm.dylib+0x9ff2f0], sa_mask[0]=11111111111111111111111111111111, sa_flags=SA_ONSTACK|SA_RESTART|SA_SIGINFO
SIGBUS: [libjvm.dylib+0x9ff2f0], sa_mask[0]=11111111111111111111111111111111, sa_flags=SA_RESTART|SA_SIGINFO
SIGFPE: [libjvm.dylib+0x9ff2f0], sa_mask[0]=11111111111111111111111111111111, sa_flags=SA_RESTART|SA_SIGINFO
SIGPIPE: [libjvm.dylib+0x82ae30], sa_mask[0]=11111111111111111111111111111111, sa_flags=SA_RESTART|SA_SIGINFO
SIGXFSZ: [libjvm.dylib+0x82ae30], sa_mask[0]=11111111111111111111111111111111, sa_flags=SA_RESTART|SA_SIGINFO
SIGILL: [libjvm.dylib+0x9ff2f0], sa_mask[0]=11111111111111111111111111111111, sa_flags=SA_RESTART|SA_SIGINFO
SIGUSR2: [libjvm.dylib+0x82b940], sa_mask[0]=00100000000000000000000000000000, sa_flags=SA_RESTART|SA_SIGINFO
SIGHUP: [libjvm.dylib+0x82a040], sa_mask[0]=11111111111111111111111111111111, sa_flags=SA_RESTART|SA_SIGINFO
SIGINT: [libjvm.dylib+0x82a040], sa_mask[0]=11111111111111111111111111111111, sa_flags=SA_RESTART|SA_SIGINFO
SIGTERM: [libjvm.dylib+0x82a040], sa_mask[0]=11111111111111111111111111111111, sa_flags=SA_RESTART|SA_SIGINFO
SIGQUIT: [libjvm.dylib+0x82a040], sa_mask[0]=11111111111111111111111111111111, sa_flags=SA_RESTART|SA_SIGINFO


---------------  S Y S T E M  ---------------

OS:uname: Darwin 20.2.0 Darwin Kernel Version 20.2.0: Wed Dec  2 20:40:21 PST 2020; root:xnu-7195.60.75~1/RELEASE_ARM64_T8101 x86_64
OS uptime: 10 days 4:08 hours
rlimit (soft/hard): STACK 8176k/65520k , CORE 0k/infinity , NPROC 2666/4000 , NOFILE 10240/infinity , AS infinity/infinity , CPU infinity/infinity , DATA infinity/infinity , FSIZE infinity/infinity , MEMLOCK infinity/infinity , RSS infinity/infinity
load average: 1.34 1.40 1.32

CPU: total 8 (initial active 8) (1 cores per cpu, 1 threads per core) family 6 model 44 stepping 0 microcode 0x0, cmov, cx8, fxsr, mmx, sse, sse2, sse3, ssse3, sse4.1, sse4.2, popcnt, aes, clmul, tsc, tscinvbit, tscinv, clflush

Memory: 4k page, physical 16777216k(57532k free), swap 3145728k(1259776k free)

vm_info: Java HotSpot(TM) 64-Bit Server VM (15.0.2+7-27) for bsd-amd64 JRE (15.0.2+7-27), built on Dec  7 2020 20:08:32 by "mach5one" with clang 4.2.1 Compatible Apple LLVM 10.0.0 (clang-1000.11.45.5)

END.
